<?xml version="1.0" encoding="UTF-8"?>
<testsuite xmlns:xsi="http://www.w3.org/2001/XMLSchema-instance" xsi:noNamespaceSchemaLocation="https://maven.apache.org/surefire/maven-surefire-plugin/xsd/surefire-test-report.xsd" name="animechat.rest.api.IntergrationApplicationTests" time="6.078" tests="15" errors="0" skipped="0" failures="0">
  <properties>
[...]
</properties>
  <testcase name="AddUserIncorrectly" classname="animechat.rest.api.IntergrationApplicationTests" time="0.256"/>
  <testcase name="GetFilledNonFriendListNoDotEmail" classname="animechat.rest.api.IntergrationApplicationTests" time="0.032"/>
  <testcase name="GetEmptyNonFriendList" classname="animechat.rest.api.IntergrationApplicationTests" time="0.201"/>
  <testcase name="GetFilledNonFriendListNoAtEmail" classname="animechat.rest.api.IntergrationApplicationTests" time="0.03"/>
  <testcase name="GetFilledFriendList" classname="animechat.rest.api.IntergrationApplicationTests" time="0.035"/>
  <testcase name="GetFilledFriendListNoAtEmail" classname="animechat.rest.api.IntergrationApplicationTests" time="0.025"/>
  <testcase name="AddUserButFriend" classname="animechat.rest.api.IntergrationApplicationTests" time="0.063"/>
  <testcase name="AddUserCorrectly" classname="animechat.rest.api.IntergrationApplicationTests" time="0.028"/>
  <testcase name="GetFilledFriendListNoDotEmail" classname="animechat.rest.api.IntergrationApplicationTests" time="0.039"/>
  <testcase name="GetFilledNonFriendList" classname="animechat.rest.api.IntergrationApplicationTests" time="0.026"/>
  <testcase name="AddFriendIncorrectly" classname="animechat.rest.api.IntergrationApplicationTests" time="0.072"/>
  <testcase name="AddFriendCorrectly" classname="animechat.rest.api.IntergrationApplicationTests" time="0.03"/>
  <testcase name="GetEmptyFriendList" classname="animechat.rest.api.IntergrationApplicationTests" time="0.036"/>
  <testcase name="Get404Error" classname="animechat.rest.api.IntergrationApplicationTests" time="0.037"/>
  <testcase name="AddFriendButUser" classname="animechat.rest.api.IntergrationApplicationTests" time="0.038"/>
</testsuite>